CLIENT_RANDOM DE65092E2836247A3316EBCFA40C0E22D98E3833F0B524C8A85E41901B641913 2D301BCD86ECE14A32A28CC4CA60832471E4A56A6F1B96A480E1DAACA9D4F10E412A933D737C61BFB221A4D86DF587C3
CLIENT_RANDOM C7C32C99B03FA4C52C35E9F3F5A0DA7B60F7A7C8220D53EECA7643055B4D985A EBFC3287BF7B22C6C65514211CF912DE7618E769D5A9FB1102BEBEAF264FF44D9D721817365867AC511F97C92EF821EA
CLIENT_RANDOM 178BC7AE25AFE22C467503A3A2A755FE2E1214A7DE1674D6062F37E444B6BA28 10C499F6CC93734E8271C27270C3F2D0B5D20993B6911D9ABDE2E1991C011D036A80C65EA9EB348FB67D8A8558FF2631
CLIENT_RANDOM 1C82B3C5B67AA90FF787D60AC705D2C98B3EA4F75391DB31DAB4D3C4C7ED1ECA 9EC06AB9AD008CE1EDAF84FEE6A8BCAC17E8F13E867B40AA434722E43E04220013CC5DE7A8CA0B641FF5B174BCBBBA8A
CLIENT_RANDOM 4488253469EE655A7450EFC253989F7E55BE056601D5D251D681F276216DDFDB 7BF56709C25B0D36FB527DBEA4683723C4F6656A014EAA09ADD73922951BFEDEF87C50A376DF900A42628CB697A63755
CLIENT_RANDOM 8C479298A01ABDA64F3AC413784C74230DD5B7FB4460C7B50CEE898C7AE0BA79 2CC2032E2F15DB121FC70692BF23C54097DC6A388F522273F54C87DCE40124DA32BBAEFB6057FAA3D464B449E020545E
CLIENT_RANDOM 88A38973467667AE8FCFD21B5864E2697A423DDE75166DB12F87DF3AB794F47D 3DAACFAE81F6A7D83BBA0D26928CD5566CA75477956DBE2C312B81F0364225B585D65627F48A9F84E7DC74C26D1F232B
CLIENT_RANDOM 3EEE39D6FF1719B43B909C926CE8DCBE0D68B729D0E81EAC97987DAE2EE148FE 6CB5C9FB5911241A535A8B87E928955484CC5E6C46956047AED4D1AC5788696D6218DA54EBD388303250365F7AE30794
CLIENT_RANDOM E3DD21C8DDC61D2C7101953E930519FFB2F22CB75D1A2509A39B1E08ADA231C1 A6D802A3AFF2587A52A768ECD5ADD52BAD317121B1C079616A196DC2BA03DF89BBD6A26CB72ECA635F0A772173D8A21C
CLIENT_RANDOM 4345162FF755FCDF0D464A4BFF55CF89DF2BE97B5A30220BEFC5B60073A61E88 4DD837C3A5E682DD3C4E095F3BBB85A71EC8C71FFCFF304035E572AEA56FE87A0A1F0241799222696DE8E47531EAA64B
CLIENT_RANDOM 50F4B7CE66A0E71B9EC5D7087BD0A53DC11A1F43C57F6CDB702685A3AE40869F 726495E54113FA608176D1595E06B405AFFB2474EF597E853F4AACB3D4BC1CFD31EFBF77A7697A2E5228689D943BF7ED
CLIENT_RANDOM 0967D4DBDE6DBCBC1F0280B0B7BBBBEE2F59279C0F0DF8DB3C472A3328CB2C36 0EB4B80F31B937B5B4E15FDE5530B71ED198AAE114C09C2331613BD5D8D8763FCA89306ED4E3EA2D9C163092AE1CB972
CLIENT_RANDOM 4706EACF7D4A2EDBA19DF971E2864274C8A34A695D2D98A0C15AE3F726D9FF08 655FACE5C016EB9825D91376F445E1C5B48792C87856B76C0E19E044A8F445D5741FBB3AE03E02E02F92173F651D53DC
CLIENT_RANDOM 23D94C2006D680E37EA390D8AF536F74F84FD049E77F6F54F0E03F7E26BB2F0D 0AFBDF5665CD3F4DA0562955CC42B70324D518D6BE6BFB54FBA2B8318EA9A22E700DA39B2CE523F798290FFA52BFB0E1
CLIENT_RANDOM 03B41B169905C42C66C721A7838A48D3131004849995897416C0AC315DAB07D2 75B007B46DEED82FE29E480B1C7DCDF20A67F367313A7E954A49ACDA9F897AC9FCFBA9F3B51DB520833F2331CF646F6F
CLIENT_RANDOM 3BBBBF44C052A339EAF09743D2D6512D1A829BC205629BFE268762651DA118B5 FA0AD007DE207C89EE5F51DEAB3102FA5106E4D618AAE64307E0FC21FA422DFB387498F3004D495BE453A443ACC74560
CLIENT_RANDOM 16A24E0B6B5F44C54C090D93D53A6C388FC4328ED68EF5024D68C9CB4DAB7E3C B36062A851011D5BD41CEB7E3B129DD69DE7E4B326F04E01C85BD903C1202EC83E0614D6838E48F1AA9A42E75A6A0122
CLIENT_RANDOM 25DEE283E0004189AFDA765853436E9399E672FA27020E833FA99090CBBA5B86 9BD23C22C6C72019AB9A132C9F54FFDB67A195EBF84C5CAC6E64C7404F43C442373A15F4B7014070297B90BE6DB0322D
CLIENT_RANDOM 6905DEDD193878F3A781C239A42DAD38C28A64828C3C5CAF9477FCF1323EE33D F80AA8866A0A714AB08E1B6DEC1E65C541A0894EA8998D5692526FF96A23037EB13BB9B47DE458F9860F780C52E8C91C
CLIENT_RANDOM F8ECCB050E946D16FB1D71838CC7A2645343C8784537920EC1486BAD5AFB1D68 4B46FF5F83B9806B6AB9F51249431B74DB0A23C0A050FFC723B688C1597643EFEAF9928D043480A775875663A1A48CF3
CLIENT_RANDOM 776C4F609DC857836F533D766149D4BB670ED54D44033BCD1DBACC5E216A3C22 272D14E50F2203CC9B7EB7A99B3DFFD3ABC77A5D060CB81EAD33EC90704BE6C2F4C373550779B2DB3F7E5A673FE99259
CLIENT_RANDOM EDACF9D9909E322FB09E68CE7B2B129DCB4AD012E50B45E04ED117F26A2D2A42 CB0FE1F075D32CAFB9857832F501E7418F5379762D5227FD7A54B8E335CB5FECD29022FB0038FE481EEF886A71534780
CLIENT_RANDOM 7DC3ADE9F460441FD1AD2FDBE353C368FB2A056D04D112F476E2D3E54B8BD02B 9EBAE7A79C8BF952331903F0C44E067F9586ACDB19C89879F633C2CFBF02CD6F40F5419C2F31557F96B4708AD3FA1D70
CLIENT_RANDOM FE8B502832AD98C398D2B3C404A3745CD27710A3F8661189977BDD6780A4B9A5 06D0A9F0D74DA63B2616A89AC1C6C5DD2D9B7468A0D4116F7EC2349CCEF335F4033F928DE38BFF3A6076FB6B7040F8FE
CLIENT_RANDOM 0356596C9694ADB466E7AFF0EE763A31F4F6D1378CD635B8C66FF8A9E0D13B1E 57416B30A225427CF0920EB688A89DE740EA83AF8BDBAD312F1DDB3EC666F5E00CEC862EB3F1959877707AF6084717F7
CLIENT_RANDOM DAEEFB4BFB81D791089B7DE1B2DE46FDC5F41684A068C48218029B9D68DD4505 6D40E74FF23B3459171DF1FBD9989D18985AEDA2DF1817C0D197120ABDE045798BD794274625AC5C42F3DA641785DF53
CLIENT_RANDOM CACBD5B9C7E8F22DA47BC384FF443DFA994BB5359F690DB750416DBDB8793B13 1CF25BB5299C02C9ADAB8BF4D5E7E5B56ED2102AE8E0C9AFE8F15E07DE6C2CFF1C4BE8DBD2EC4559B250C56A1B8D5171
CLIENT_RANDOM EA2DDF6F4B1DB6E0CFAAA92DDA4CBC2DD88D111D2801EBA7E224ADDBA6CC8B79 8B3F585182731F60738B75915067E40F39CAC8E0DA512FB0EC0F8F385DCC0DE11E16EE64766BF28641BF450671EDF84A
CLIENT_RANDOM 87076964ACFEBA9A6CF4DE5AC8616DE3DC5B72F70B391BDAADAC55A7FFA9F77E 120B4E7E3707CD8C109C526C7DA8F2EDCD2021156E160798B51D40039338B177908340C5824294F817350C6C0FDD880D
CLIENT_RANDOM D8E1277F90337A240094A22F855976A0815E9CCD2C42C0088C1B9DA667439263 68034B6FD6C98E38D0F7E2C6E3C124CBF7CFC2C43935AB8465F0653A9AC0F177B310FB99A7451FA7A46E25EAD8CA7ECE
CLIENT_RANDOM C85DDF904DCF3394F9E93908748C1EA8BB424146F37A792627F9FC76D7636CAD 1F2A7B7F1940CCC6A83BFEC238EA8895BA761F220ECE7F672F1863B1F3FDAA3F30FDCEC8D743884FFFC24E2AD67F2F58
CLIENT_RANDOM C88C11319837A2E6F68B711F50FEC0E734E291172E26E6F1DCE18906458105EE C62D934B38CB24BDDE2378DA479573AEA6A6E48D711D53F806C25E6D85C466B2B2ACE26C44BF3661855F8B4E98DA4E0A
CLIENT_RANDOM 4F3F4736A184AB7E3C4A3128D6064B1C074496200B26B54376AD209B7567B105 DD42847E47DF772842F9F4F4D2D2173DA80BBB4CBD61FD3DC0C02DAA2AD311E0E0CB6006EB0E4CAEDFF0E5379E3EB34D
CLIENT_RANDOM 0C1B4258BA3496F254F36ABF8EB5A5797E33E03B49FEE03334F9096FC706FA90 20B2C0E06E8CD1465BAC2AA491A92A6CCD452BC05504367D7E6EFABE926CE0911A576506775B00CF60C077CB8E5BE195
CLIENT_RANDOM 01FD23630ACEAB8FEF05B07FBDCD45BCBF7163B5719765024C4B938D6F821EAC FA47D138DDC7B36D7A6F752D5F734050078616BB8F16A6264DC0C8ABBC8F4AC4DC9591481849B9C79AF1319185CACAA5
CLIENT_RANDOM DFCF82F8E8466951962846B2A59234E7CC1CFDEAEE8620E23800D8DF4002E730 DF40DAE2B974B63F61E74B84643652BB588CA9838A21E362114FF98425132DE2B59039B8BA2B2922E87588B79036468F
CLIENT_RANDOM CDBCFBE321A5A1FB1E117AC179AE7B6F61AAEA4DE1A01E7474D75893D7F8E01A D38B528ACA8893DFDC2FB1F48297229B73CA61368E384DA9DCD05D251132318A643E80334C597C77A7BA4A627B9A1FAB
CLIENT_RANDOM 90148C428AED4984449B433583B47029B41B5317A97BD12E4B9A2EC42FF2A68F 791325BD8146A4CA7BE4FDCBDCE8770E8F0FCA007231285A2102AAC66173F8C401D0C18AA41979E4B2F9FCF2C583D53B
CLIENT_RANDOM A57EB368974254015634F8657356F1E65EC63D9A5C0E8C491CE0DACEAF5469C5 AF3B62D2A9C2FA8E9A0415D6EDDB7C3310C1A260200F12FB8A519DE5FD24806F0A9255E8AD533D77862D5294DD708082
CLIENT_RANDOM DF3D09B79B80DA3744FB84FBF4E1076EA0F47AD08784317E5D1F66C27E780067 886685E2ED9CCF4E3759138D9150B245509F1A58B1372602E3FDAED0D3A302618C7DCFD87762A1E07D5CE54722744518
CLIENT_RANDOM 9FB709DC3BD99BFA731B9A5C053274F0F5B8FBCEB590F44E3E54A43B479F9E9A FC6F2FA6B8A3D68F94F8238569E179B4A75099717F829CF58159CCCF3F11379910E6A4D27C83A2DAFB8C64E419479029
CLIENT_RANDOM E3D570E8C98A5EA80EB96ACC4F6347E0C148FFFC1730202A73D211E324AFA8EA 778E42E590D33B75989281B83D83C8E0FB85757B67AF8B4CBA283B7CB0EECCBDAA9EDA037E9B8F13170EC24216D94446
CLIENT_RANDOM FD693A6B697E982A46783A87143B49685DC162E6CCE5E039339BAD1DC79CA827 DC20C8CEAA4DE538043BF316931AD6365A4F57A59DCBF2A28FEF3A692E1A989027C2B229BAE5B9331EE859E63CAC107F
CLIENT_RANDOM E836EA34337E21FFC43E8006206904122E388C9BA3C4FB565FF109993443C8E9 103A339CD8AA1E8BDA9C11AB4D8AABE6ED76738C852D7D835DBF933394C86ED6AB9EBF7ED0909867B7F46B53476A0A4E
CLIENT_RANDOM FC71243DCC57153449455525C788139DC8D2C64D1DE8947952E897459EFF6D12 934736D60CFBDBE2A6388409908D0817BEA0EE78CA7339D1E7A25B5A6303DEA0D03FDA81112D88CB0F301BA19CB7CC65
CLIENT_RANDOM C67FF30404A34675ADF4A5048139AEB121D895C62464C3DCE156B5E538FB55BB 8F19750A96768028493E11A57D12D340D9F4B91FCF70079C96544EB988B551E67B38449830B182A2949361B730372152
CLIENT_RANDOM 163D01B9F10D5212D55E9CC48C40D337BB5F0E498999B586E3B69F93CBD7B69A 5A23504B1706AD827A23E3195BE0ADA0AE90122BF2C41B0FEC6B2E69DEDF453D62A31164E90CDAE39FBBE1CED05A80B0
CLIENT_RANDOM 3A9168043B0957B1C35EFE223A9ADB4DE394EC741307E8A7343D81BBADF5D6AF BA945CE074C2153CC7922534DAF5649A944BC706414902DB769E960E72F7CACD4DBFF041F98E332CCFD6A9C2C344D2DA
CLIENT_RANDOM FC3FA9F57531F09FC8F89655006A6245EEF7DE01C6552F333E973B8229429865 1539AE6CAFF01DB4A83312BDC96A6C5764EB65A02EAAC55CE9A1883CD55BC7F51135EDF5AA1C35EE2EC2625BC8FFD358
CLIENT_RANDOM E61D4E3725DC33B260F10C21B4EB16079F41E9B63136AF241070576A08377703 0282F59798FCB4BFEFDBAC4C5D8BD96725AEBD11E907DA65529233403F7ADB7CDEBB1682D44E8ABBA5D48078AA424E6F
CLIENT_RANDOM 26098683E55B067B1A55BFD2FBA6152C666DBB28E7D37F624F6F1D6405D168F8 32699C6689254BE940028DC752E661EF17C111BEC118A01D00CE23439221270B74A86D9BABE3FAFED2463C9D4FAAFE8D
CLIENT_RANDOM 4A4C9DDCBD505AC9F7B179903E1CD234C79433536EF9C187E0FCA8B0D3DF9A12 517EF53CC0A30108741EFDD0D1D37C532CC4A28DBC698232B92C4CD047F4CBA3795057F92D26EDBEB1906BD5DBB668DF
CLIENT_RANDOM 891B7C113F7B4F244502EBEA9883AED2E76119653DA422A8C5165B17B2122EC6 1D741111376DCA3A4F76CC7062E1B8F1EBBE29380E738D355F72880AE773F28013D1130A7F356282351757D22AF132BF
CLIENT_RANDOM 5680D82BD2EFE87682F710EC930FE2E03356FC8643BA3ECCE98497A08F7E9498 6A535B3A6B228E1643C2D4B71574902464833EDFCE5AF6D626AD39A2C3D9899F92D99A08FC976D4BDC300D4B80732A68
CLIENT_RANDOM 7A6B43B665B0D61FE00B4B66E0950C101912E632423B63F23E5D5B816FAF9813 AA5B5963667634A84FD626A0D3224B3F191410279A78BEDC67E08F906DAC7AF4269EDC141452822C99B7AADD37FE279F
CLIENT_RANDOM B5E48B1E809882BD33844B57F4DA0DF1F3DE81072EB041BA81E3E44277352D19 E8A8527EC74C710CCE805925D681D878C10471438A21A6E7EBD7849A8822E98635D9AC9E7F86840D2B8B672371D51675
CLIENT_RANDOM 904F60677C6E6269CAD9F3144FEE868ED9B8BB8BA0C061D256622F9501B81378 DD334FD238175D953AC20B5ED77CA56750F7693AF26DF64C3AB0A24431B9684E1804293F4BCFCDB5E132B78882768B31
CLIENT_RANDOM 3929FFC1E62450D03F963584C390E48188017068E6359D7F5C280786DA8A9A41 A3CAF7FB26B8BB16182F72D021EE1679928E15CF41D632147348E675E2144BB07FFE3702D4C6FDFB84269D46A21E057F
CLIENT_RANDOM 35DB6C55435582BF3FC78F6192F77FADF8002426A67406BE79B2903A354826BF A1409B8644AC35FB63C7E4CBCC05773EA7D8346E06C3DE038B8C4BA83EC3B9E07C1D6C809E557A5070074989D3DB4469
CLIENT_RANDOM 222C034891C26AA8447752117DA60AF738A41B7EEC5A47AF31E5627F207381D2 5BE3D26F57A476ADBBC8549E03A54036890C76E75391787607D6D8F958334BA552F112C7CD1CC2D7F049A65BB11CB7EB
CLIENT_RANDOM 9795F66B661B5D612025B6AD3B1A8FB0A0B78F7F3B7BD167559CD0285B471D11 D6CD97098F13F1D06CD3C3BD8E46389B58565B7C0B80E134E7C198A1B1D360B1D7257FE927644205AB34BEDEEB3AD31D
CLIENT_RANDOM CD13548A08C6C898777F59CFB7ACCFC2E7CFA2E5F400B5A56F8C633757B072EC 02DA120E0E30F36959DE367AF56CB8C6908F8A6220104E4742F5E3B35DB3F5B6F6D2D751E11271BAFCEF9C29D76ED50C
CLIENT_RANDOM 651595D8D4161FD85326ED6C0773577B5B976B36EBDFCAF6B96AE34F00F943B2 6926B103EA5A9269DBF08B765CEF85E7E456C478BB4EF6AE7413CD3BBBDC4DE2C16002F654C8AAF6AC1E3EF1E3AC6851
CLIENT_RANDOM B7ECA73679F4839C2F712C783F5F368C01BFBB8B2120DE08D43D47E2299A8FD2 D64E0CF35267678CDF149C1E32FA9799F5AE7323698226FE4ADAFAD4BCE3D3003850193A63776AF8AB23EFA40334D697
CLIENT_RANDOM DF37C609FDC7D72F675073A0275DDA0B141E569DC5C880E0B8A54390EAF74340 8CB56373C158200E217441172FE4CAD2083A8F5F3580D8036BA21A5B67C52658EECCE2A8205D38278ECD73BE8C9E8206
CLIENT_RANDOM 2B332BF1FA00D688442C9A052BED507CD4ADA4FA5F08FB1459C227C922AFA196 7F9A688DE28F37CFA3EFFD4B56E2D146790293D35B6FD9D5DC29C3E87E325278A3D9C40EA7782F221EE24B10EAA3CCF2
CLIENT_RANDOM B976BD1B9191B53F0F0965C12EB7D836C72AB527B8B8AD8DB02BD56888FF37B5 65E4A5C291D5C7A26021C1439DB0A41225944438E4B5F1F0A6ED3BF008E5FE074158446759292EA4940A696E70B7AF0F
CLIENT_RANDOM C81C51856FBCC059B1390EC1703914774B6643881B2C941C6029E2242E5ED4D9 3008C773E2EF5488D2D1260C13D8203B2FBFEBEBF202020C9279524EFB10A8C89CEDAC5E930108BDB8FE6F8879920DEB
CLIENT_RANDOM 8F6936934398724B4750FDC11C74E39AA08372C230A4E7EABA8AAB96C7712D60 B4E3F3BA8E7D0E4EE08A5E27B2FD3AD2975AD27F349B3F5AFF1FF50CEEE07BC402410DA365240C67485E56E37485AC11
CLIENT_RANDOM 08BEDEA66D182840590D474B2CB52CBC3A1EC047F9FC6C955188B3D165D9E9D1 F8DD35D668796B61BD143A543C23EF8B585045CEFF7D06B7433C29B8FB23057084239C9744C41EA53B2C5A98ABAE0802
CLIENT_RANDOM B27526BD51FDEB76757FF5162246A0B07DF793F0215507D44636CDF40D8B34D0 EE1B349BD0F54243E207AEB11EDA96775FA3B27D5F47AE40178B0B8BF86BDD2A8CB2A6235D2302C6E1A1AEF1005FFA3B
CLIENT_RANDOM 23C676E764FBC9845C8DC2C953549C6949F12238DE0D65BCC057F7EFC1CA48DB 4F6AE5BB5888706C89A358B87B021A9C0D8DD44324B12687182021761A76540E6A92D118B89CEE7DCCD2FEC814C8C2F9
CLIENT_RANDOM CA2A4370A78402F91670F3A390C10A31442514F7E91FC5D4ABB9314E531F8B37 FEC00D81981E1DE5E6623F3350AD9118E672A1769C7E58F23929A9C981A52D2330984AA05B509F8EC48FCE0DDD7345EA
CLIENT_RANDOM 41E1CBBED2BAEB2D50FC5CF2454B654723393242CFD115E84A1237675C872C77 DB3E69EC377057B0E322F23407DA5E355D3E146BC060C8607335B0C02290D6F409E9B3EED793EE84F66F085B81BA1D2B
CLIENT_RANDOM 0ED0C41EABD3AB13D3D879EE6BFD82BB6734A370D54A092FCA2D929B3874A85E 6F8D29379811F31584567CE39045453FFF57489578F38BDEEE84F489FD4D7C8C25C4668229B65A41DC7CB08ACE9307F4
CLIENT_RANDOM D0050BCF8A01911A8197170100684A75427BDA36E558B5885B931F6ABFED375D 556B5B831A9669F031CC6EB0F25809D0CD78EC5733340558BA104358FC0E52FE966BC71132AFF0FD42455B85DCBF7D4C
CLIENT_RANDOM 6932112D14C55B7055D95F5538DCBDFBD2DB6B2669752FC2D802B8C1BF62A421 1E4A1443169EF72630E3DE78277D5AC9CD325492744CB201E8DE1E799118EDE4298FB6A5916C76797498999955E66D90
CLIENT_RANDOM 2144987E147A5B5A0A92F4067B645DA1A4CD60C688DAAF19B189C476E14AE708 B75D10095924921EB178A0682451A403A603E1EDBF2CCB872602C517911B4F674A3B7BDD8903C48CE2E814EFE5EFA132
CLIENT_RANDOM 1CF13C2435A00C6E7275BD39DA2565B7F0C3009AEB79A6E5BFB520824E1DB4FF 6A45B6B50EBFDE4239B4F1D037F3F2F4A322131C684935429BE3AC187FF8081541C03678BD924E94338A1A8A9A52B784
CLIENT_RANDOM 69C4058FC03D7E6FC9B55035FFA37108F78FD4671CED0FA3A173589DF89472BC 5AA85BEEEB6122E358AA24B310B9217EFFC85F67787FD7A6BC45CB7D5DD61F681626C93BCDA7F0F9914AA16FEB95473D
CLIENT_RANDOM 5E9EF50C5F032BB43BDD5A6330E34CCE0DA753A02E3FE37AD0138010F0542D32 015DC0683D5AD7258B08CA76356688649AC196A7659AE4BF41E07A800F3BBD8FB87FAE8F0D087AD3C07955442EE84E4B
CLIENT_RANDOM 63F4E718CDAB8B85B3E188ADF857B795E2220C8E09A3E1223D09F3532FA950D2 E9BC025BC7A174FC7278D99DEF8628CE2A315196B790C4752EB7958F7A03E45A683FFDD176705E2C4A03BB4B375AB5E2
CLIENT_RANDOM 10304BA8D0CCA77BEC87BE9A857E5FB3C2F5254132B8B9B5F4F601E7C852AF86 AA73CA44F24F36580412C63A7631B613CE7C397568448ACFF624499ADD84BD0F548B8054DC8C109B676F36A382E43E66
CLIENT_RANDOM 9800B966C1E5EFB877C3E61E84ADAEB31F9E8D54DC5FB5A5DA550F5775AA165A 1028740A7111758791FAE9997F9B2919D517F5BE958DB15C6B4A5B6C6BA7DA858C2E1063B2294B550D1034BECFDACE2C
CLIENT_RANDOM 41F4AFB2D7F24467CF58DEFFE02382AC67A6B41829C92080DB270875DB3428AF A3567D97C2C283166872AFCE7A774F1B1103DF73A0E09CAF48710F5E454DBA3CB13D81092C9A3C8B09DB0440344F4968
CLIENT_RANDOM 4728DC2BDAA26D9512D7741A82284BC0D637E59C3C7594855723FD0433984396 92E59039EA030A45E035C95A7543D0786CF97B999F378786D96678F381CCD7C00C593620D24889A99706C5F349520912
CLIENT_RANDOM 51EEC30A48EAA95896B5CC766624DFB661D186DADE513BE68DEA1E258E1B0517 1780CC6A25B2B06D6B7D45379412803ECB30965E6385923914D3390AFCCC0920B4F825FD86596FE132D96BD78DD679EC
CLIENT_RANDOM CAE0270E161955CC6C88252BA6F412E8B9EB1915D858384DCE273A0C7E2A66CC D5A2DCD7490673357B9EFFABF832BD7B98A9568BE3760C7C1028F9E62306B4D924DC46FC7B9068339DCA9BCE5E448FB9
CLIENT_RANDOM 480E178A00DCC388A8D4F1712EC875F729B053B3D6DFF08B54CAC365E73A3BBD 4A9A2E70786CE35F155EE48D164C8096B74651404460C8BB2F13D258A3AB9FC0E67C2A590B9ECA7739F71061C7665568
CLIENT_RANDOM A276600318DA830C871A2FA087A3281BD44A72DEB5677DF43B165CEC967BEFC8 535256036CCBA2F62D64B946E4D503224F9A68736849819FAE906A47A569D60BCAA6D99AEA917953A4C69783821D5B46
CLIENT_RANDOM 64D11A1ED162AB29ED03CC340402AB94CD3DF25FA49443621D0D76332B3D6FDB 0B4F562BC93AD1DEC549D4165A9EF8C4D6556B8EC32F8594188BE02FCE11EC78A387340BE70C54AA9858F740E23F27F3
CLIENT_RANDOM ECF7159BC17B7FB61B1117112CD433D1124A9033FDA35A88F9CF1A583BF89317 6165F38A0B41BA903D44543647228C160FA53CD2B35F9751985D0DEF84B6BA65685902740A20D65DC378A6C4CF41202C
CLIENT_RANDOM D2C9DD090EBCAE73A45868ABACED346D305A8F048CCD133A3E3651EAE65850A4 54BBB5D423007AA2030ED92325931488E4F87F1A9AFEAC91B0FF7510D39D4A9AAF74D227115E062046A1055B87161CAB
CLIENT_RANDOM 186E6A3DE503963F13754A965C893DE651EE864484035FA13E34FBCC802AEA3A 887A69ABE75B5028A8CA9A6855C21BFAFD8C1F9B834A9A7302FA88B649CB55B66882BA441597D9482ADAD02D160CE8B0
CLIENT_RANDOM E1A87AB5D4A23B2CC688309EF32C7AA9EC499E630F97F5584A231683EE7BEDA1 5FF31F0D88F5CA78465AD5E92235FFAD4E68DEDF1410FF5B2EEC1EA4E05BEA22E03A864D03EE94CE4B342152E553F596
CLIENT_RANDOM 0360932D51902D6352A3D01A2CC85C356C67E7093D609D82BF17D23FC39194C6 927740719777A21E65AE6224105B61F075010AE38371E1F4E0061205A5C721E5247665342FE45187B60B3360C301866F
CLIENT_RANDOM 2230FCAF88563E1D74FCF53B0C3DA8D841252F647A31A0070654321BC0A9CD9B ECCB463A3A45B13F43655B868B1457A5B1BC284BE54970D54D8108D00DE6E33B4B725260DD55DFEBA5282F52B8CEBD2D
CLIENT_RANDOM 724BAA90E5B62CF8D0D87F6E20258955663E408DB0E03D85B21AE4EAB6DD9DAD 4628BFB6235663D86ACEE9F079CD4886A49D419BCECE0C77EE7F2A69595D90D730506C749093D46B74523A0CA7101680
CLIENT_RANDOM 6D77B5D651B68965147954EE3B7D7F2AF10ED81DFFB57246A561372FC730E752 7FC427BA2D09789A751EC42E5867AEE6A6B3516FFDF776B7AAF4878B4173F3BD0A58D970813D7AB3CB98C04381566ABB
CLIENT_RANDOM C880D97BBB1FC882A1CA4444237DED02D823A06BDFC1E4B0FD40EACEF21B382A A9708F553F22369476DB98B29D9133E3778E21E46DA5443C8C8F70498321E415C63CB109FE00195A93F556ACB1F9B154
CLIENT_RANDOM 37BABB69AFA026F2D574C4526203DA72DA1DB388BDAC595AAD992C634E630DC5 E60132BC8F464DB5454D61F829FBF73D07953F9407FD4A4006A478AA9B53DD067AD513812A5C2F69E70C95D909B79478
CLIENT_RANDOM F8F7AAD49266BCC7CC13465D7D86FE784DC1D062CCE0E064E656B4756A77D4BA 57380260E9B299E0C0FC22C2AF646B60E3226E8AC518EC7B0F6B16DF150AC420BD3D3C1FF0A3BC630207604278B9F244
CLIENT_RANDOM B8D885E4FEB7242EF04153A444AC49F8ED9750452B7874C2DCB17E9B2626D4AE E0B0CF2AB518E9CEEB943EF2869FF97EB293677D387CA6055DB510DD979423AEF021F1E9C07654D940D291A94A118333
CLIENT_RANDOM DA1CC8558D0E2057AD72D6E326DFBBBB2E9CFEE6E316559CF40CF05FFFC48219 C54CCF9685AAE2FB0D59C96D43F4064CEA30D2610A0F0F94FB8DFA528E4567789BFF4DBF08AC821F79698B40119840D1
CLIENT_RANDOM F161B6FE01B715EFA1F1D605FDB820F19384E373E9B6E4E8D3596EB13E8F51C7 110F679A4766C5653826AD38D189E1E283BB1F0FDA53F43DD15C2ED77FE1BF4766AA263BDB25814CB963A77D972FD97F
CLIENT_RANDOM FC4ABF76883B5DCADB1D24B1A44AC2438E4B7287EF00C0D3C51DF9FF93054026 E77CDCC954F7A7041397EED46C8268DC089BC9BF5AE797905B40354B6E7195D06FA3EA78F0868167287842A28D9470BC
CLIENT_RANDOM C70DDDF74C8B1AA2FAF8691FF1F1C91C3D335408A5EB2F0F6E2E03E761B186B1 58A8BD2F625376C7E15D971F6B74F898B9FAE916D30B2091F2118F557FD2C121BF169A0FA3B8AB65D45297D37DAADD8E
CLIENT_RANDOM 657A6D4E6E80038A7422095E888E1FE6B674D80E07576DBDD6BB4FBA72B05A39 A3E0867547664AA07CAEFCE791751F7BDFB3E149334BA03797DE7F8E69CC56D89A8A79E318BAD575F07F8D782B6E4141
CLIENT_RANDOM D2A58B274C306F0AD8F6111A344196E9EC18206EFEE9FD547EADB3D01C93F7BA CF2753A2AA6F757D2A867A85C411218A776D94941F60FEC1FBDEAA86B3AF057544517BA344AA55B2C3E935D388F16A3D
CLIENT_RANDOM E45097E038575D498EC0BB64939981AB83900D783E85E22CD61BA633BAD9ED1F 9D06756AEF2DB42838AE6D8072E71A7F856D9913729BDFAA4BAAAA85C6ACB9510081A88155CB91D5981D5440E0A99E62
CLIENT_RANDOM AA5F0E16806CCA892280F72D80F176516FB1376DE21F8A5AF7F51DB19DAA3862 EE0F15D28EE109E9B81F4FCDE3FFB4CCC2AEB1C211FC57A3EF5DC93C8A140AC1E199947C30BC054C07F75B6A59B97B9B
CLIENT_RANDOM B51EC5CB30D0D1C00D1D3BC0F528E86E03C4483F1E4B4DC0E7193DABADD1C467 7A6F9F6CC50B7D9F0F8AF491A25A67DBC22AFC107F4D05976BC6A4BA798F922FE2EA9B4C0369898CF2E5EE6CAD040E48
CLIENT_RANDOM 1B05842BECC1EE51C28B13C9A32CC232C6B20F73491FF767A340AB910C3C7275 DB0629D704C1308EC63234E11AB9DFA157797DD0CD3DDD1B896D8A4536C88907B83E3FA135DB85D875F099D4C8136793
CLIENT_RANDOM 7EED3E12875E17083D1A46828629DD39B374FE855168D5999A7B44FF2E6B8BEB 18AD3265AE0104E84AB322F5FDFD3394FFADF61204FDD60A83DC7D25348D92085C930D0737A11368C35315414F03E94A
CLIENT_RANDOM 3D05FB51C82172DF55C18A9D87980770393712683FC1168BF0FE55355412E818 BD1A3786B3196A4164B9457195FECC8C6BD26C7D9F7439DA962CE73ADFF1266F7A709414454A53806A33F0EE95502CB8
CLIENT_RANDOM 744BC761BD82A65E6FBAC71EA67F040AC1912AB87647CF21E43F456C8F5416BB F29611D3EA252244CB165C59FA531628D37F3694E19C931044CCD57CD4298AD86E19D5197945DC7AD10BE252526B44E7
CLIENT_RANDOM 2F3DF38F612BC59CA650EE07AC77F4344E6577386090F95809AD8A6F50589C4D ACAC2E604E90135B2209092A436F0253A9147E933D0B5405222B5E3F89EEA54642B3DDEB90F1C520D4B8A47C40F9E49D
CLIENT_RANDOM 3B5A83994A162BC6920B34E67248DAD9A003B2214466476B38A00714AA9EBDD8 836CD3DE79207D520E180322BCDFDB0039E4FE20A8129AAB58CB0CD3F4BAD9C09909081D50DBC350108802E170EEEA73
CLIENT_RANDOM 0EB91C6DDF7789E12536F9956DADD8990E2E2F0920E8F339E160010FA0C1DEC5 AFA610A17A9E230A5791D7BFDF20542F801AC415B2A6D60E7C839F6E1C6CE70276D572B050EB38E33E87B92EC15F7402
CLIENT_RANDOM 551D725DB0A7FC72B445849E907747688DF22E17AB9375C1D0F97E42A088BE3D 7DED98859678AAB280F6A11E625CA24AD026CF80B6F5F08F27D67948E7A3912754E11F927C301BE6B71333AD620477B2
CLIENT_RANDOM 886A8B3380DA3CD108A854A234245DC9F5D7F7E1ADC7DEF2255911049AF464F3 9D759EB6CAE449FFEE7E1F21D9814534FEA186AE5D469A13591039F502A748CE77BEAE7D2E547296248BEC150EA36FD5
CLIENT_RANDOM C2BF16279BA5791A63352C37251DEE6D2511E7E9D52769121933BD654BDDD3DC DB2861E0066CB8D6D32C25AC3D8E38C24DB13EE9AA46D69709CD29326979AA7FDFAF62E01678000D9C75759B49EE6083
CLIENT_RANDOM C79A2B6B6A9BD3449CC8CC3A69C090A5E8FA98E6F804621B83D0BAC5B646A0A0 76319D27E353F6DFFC0F9B635CE464B1046DBFEB76923A49642FBD0FB29FD92BCD5E5DBCA6B973F1890A91A00F71808D
CLIENT_RANDOM 4A0B224F8A48FD41E002EF683CE33F61A023E822AAA16CDE649ED911274EF8D8 01CCAA775E2DCACDEBE807D9C3C9B266C9B952C3241CA70EB1C688C4EC0BE89AA082AC6FF906F3E16FC9989CCE1A2CFA
CLIENT_RANDOM 45C2AF33EB20038DAB0A04255AB58EE782EF9AC2D34157138BA3DDD47CE92312 ABDBCEAE203CBB14EB6166374C4C60F6447538E6CEA4258CF10047CBDAB0C5CA8F894CEA2F1223FB09DEB4F37B15447C
CLIENT_RANDOM F79F805568589D6C59E90E2807B319C3AF87E62D4167343D8EA27EED7583E903 E3F50E3A997201DBC718045703A15424BFA1908BB7C4A4AA5402D621509D9BEB7E346B2B8BE6DE3D236DE6909C44631E
CLIENT_RANDOM 26B89C684C3A321951E7A27B2C186F4492DF576A5A7CF911AD48D4DF6F30771A FC60DB24B954965101F722A55C223E1E493EF29C148CC85ED80D0327160E2A2879A5756CF41EB490D7C612C42F2F2A37
CLIENT_RANDOM 25CC34C63BAF77175DC7501A8F4B1225FF0910B4BF1E9405FAB37C7CD37EDDD5 C7528A0F629072AF486A787BA87A4C11B721BCA4458635A0F40C31BB505FFB6EE9B14DF2D1788511588F33F606B217FB
CLIENT_RANDOM 4E40311F74B678E7051694DCC899F9610FEF830317A689F9096085E138BAF660 4B4271C223112B9751BA61C90992C22B789457878CFC6413CB15EC644F5ADB42F117B67C410E9CC7D7A413C0F43EB70F
CLIENT_RANDOM DCB525669E009DB4C4F3C704865DF695BAEE1F4467D2421807796246E55BA623 EA3BC8C27DB9389EED2856009BB2AC4CC6F9895E085D56FD94BB691AB40789BC2F83935FC4309B1BBC7D6CC423D1DEAD
CLIENT_RANDOM E2D2946DDD82D324269B1437A254C4655687E6923D7BC19118C7FD245A1B9F92 2AEECA14B7E324111EF59077DB4DC9B24BDD173F28C2A1F9F0180F06C7BF19AB3B37A55130AB988262B8730BA89666D8
CLIENT_RANDOM 725E0584C9A7EE83E0E5B36ABDF6C41A1AFBB7FFD9F763A657069D726E37253F 0F47D3A9362C281A687F37F5F2C7BD074EC7549788C7DAE13EC2CAF852401D944F8CD30FE1DAA05FD4B245BCE5B636E6
CLIENT_RANDOM 66E11B7064EADD3F0A401BB7A0411A588CA6A7DF49A208B191001C9F08520B62 119CF7B8118A7ABF3E7A6971F0842CCB0C7BE35FA566EC01A5F4A63334B84CF6032F6C01837E915D14E68248BE8A1BBC
CLIENT_RANDOM E1BBF6B47755C4B6C56212B86820EDB6470B7386591827FEDA714238F05DBC61 6B3DC2AA5C403709FBAF2BCF21C29242B0E863CE40A16D50D4B6C8AB0AEBB95741A93E62E4C8FA0F94A8EBE4BB3C0314
CLIENT_RANDOM D0D473025912145E06980AC3D102FFD1D420156EF75D14A925F904C00CAD4DA1 41B156CD623F6826C9B0C801930852BEBCE741FB49547771038C2387EDA3AD51DFDA9CFBC70D8EE314E8D3AC1B5FB37D
CLIENT_RANDOM B7061DE5B39355E8A4E0A5C5BBA705CA9A7B7D6C01666D0D5FF8F7A906B065A9 6798F12DC335399C161F2EF0FF8F90A7D112E8B02321BE8CBD0962FF8863F8FB14C51162D253717D2A75A5FBC5C63BC1
CLIENT_RANDOM 2FCA0FC1CB2D93E6E0D79DF700C213DB2693281A581418E615A1E87A81900C47 C4C596B6EEFF40D4E5596EBDEEC8140D4A646C59D964C90E01AE91B5C49712EA85F0367A10D7E96CB647FF5A2C25C725
CLIENT_RANDOM 39DC347A1DE2ED45DCE77DBF96C607B350C29BC716FA97856727EE4E0F4B7017 B5DBCE767E4CD0283268743B0C340F243D814B315C7C97EC25D5A7439A5564833C0BAC8852EB9BB0203ABD792DF806A7
CLIENT_RANDOM 82CC41B6E8C7E829E442470C22DA0ED39AD2DC22312F4F23102CA8C172A1B231 67A3A98E6B375EE40CB4DE55C0C57CDD0B50383DA7D14536FA130DDF46C1E34835852CF18B118A61C05A9705DEC74335
CLIENT_RANDOM 8E7675CD4EC2749E9405B2ABEAC1E60F5EA3D59B68FF709D3B90DCEF43DB7A91 6358542965165FE59FC488498D01D64C6BF6D4B5B390B1237835AE6D995A05D6FF7730EB6B84398977FDB64CC74D2E55
CLIENT_RANDOM 32405FE1C79E8B046CA5D037B418DF826FC1D0EFD6A2C73B89118EE5F2655E4C 7109A9CCC5C48D8F1B70BFE8A9E3780754AC6BBF1144310FDB0E218A7F4D4A292A65ECBBA9B3E9EA587102628208F6DA
CLIENT_RANDOM C78F6886F92982C350A7C883F10EE2969BC874B86DDF1082BD5946E29AC57225 079D7CB72C6EE3BFD1F6B3409CC8A5526294031791222BEA3AA31A18EF9AD32C7AE8C3518F591B45311DE84233A737E6
CLIENT_RANDOM 67A253463888C474397221AA709F70B5AB33E4C6BB38D18D079BDC64524E0ADA C54CBBA447C202A31EA7B12D253ECAFC1FC3C0D6B91890EF667ED5B871DCA8DE98F484D29BD1C69A7E092E2C4A18B2A4
CLIENT_RANDOM B41330CD03D4DE576982444A52AF1AED172617D69E14D49AEEF184EB8BEA1973 EA638F6C8AA976E45225241CD29B5884FB73072D146FFEBB962CB07309F7FFA1BA4CB1FDC10152DF1EC94BD4B04EAC27
CLIENT_RANDOM 9DB87FB96E6B575B51BF427976671A51249B86562582B71699FF680D89971956 F5E1C32A133FEB1A2923369E16570DC4F7379332B9318310B11BF9F333C4638928111B0F789B3333FC2DFD9B6C097715
CLIENT_RANDOM 55E138599160E5C06C444826501E6F3AF9BED04E5EEFC8F601DF081D8FFB1814 CCCE8B5BBA2E807E7A9FF9CA04BE107EECE4EAD6B1ECF4C9FD6DEBE87D91D60D54D349A2B3F41D8B74CC94E45C424786
CLIENT_RANDOM F67ACE20331DE2B1345186838D240D3D269B4F79FE9ABFAD0687B9D2064896D0 7C4A53CC1BF27D8868328C0A0A5C92B52396C7EA70A7029CA3D5701BE1021CC1E5732956689B113948C357D3D44B529C
CLIENT_RANDOM 6C69BC020B4AD81A5868380BFBEE670C8EC38DDB49F23FD6BA5001989A6525DB C18B9161D2AECA34870F57741E3B4B7E5D809378355DEF0AD7936D2F0124975CCA238A321EC6B587CF29A916487EDD98
CLIENT_RANDOM A0DD3BB7D83479D408FAEB688FD0A166740739906F8CB72170D0161AFF083794 A1D9C5FBFF801C60001745288516312E3E355602935CC6BB8A02923659744F6CE916799BB1651ECC42B55C7A71CEBB4C
CLIENT_RANDOM FB50F35A6499236633BCE7FD1648ED49E04D062FD52EFCB53FE798F5162FE855 27C8370AEA78F2F262899FD266D36A0B94204A3560C7EE2914EBBA356330214499510C9DAA4A44EC232A26E4D7820AF8
CLIENT_RANDOM 86D7DF292D48B37C3FE0B3FDBBD28615EDA44374239E1FD97D675AE79B233B85 870060AEDF94AF4F549FEF8B4C8B68EA5F3375F5651020081B15628C210A1D2481EF5A9C745C9736F6EEC1746F6CDF01
CLIENT_RANDOM E6A1389ED5540F12E488EC5DF5C5957D9F8C5CF40B8A9E53BD048B8CFCAF0F7D 99EEDE84D7C39C72E0F971B22A340D9E96302C03EDBD94F9D8C434A12255025DB841C39F9C8179B5B55EBF6F5185A72A
CLIENT_RANDOM 8B086044F67E3DD1575D16591474FF63841ED09EFA6703C24C30AFD9BD3D217E 6612F61C0748E0D106F70021A7BA1D0A5A9F79FD11EB76A5BBC0056AE563B30D81B0F2C300E6248E2158549EEC24C1D7
CLIENT_RANDOM 692F47731C202EC7DD9E35234DA95F22DBD632CBD3D0E3454970AE3C139E9A7A A9D269F28776C31FBF8BD3369F65434E8B93CEE778E1E30AE07FD65CD27D1FC331E8DAC913F444A1E6330CC4534986BE
CLIENT_RANDOM 53748A3BAC87E4AA7DB5CFF7E03CDACDF64FC2CABD7A52DBAF8D058F1DFE953E E4F42D28CC2568B559A10AA23CA4B213B4BCA9D36132623B5A26CC1566B0334BB747DCB295D9FB5C57BEEB34C2A3094C
CLIENT_RANDOM 25AF0A7401849890E3A939750528982D3126BA6DFFE3C7873C388BCBD48D8BB4 6ECADC570103784C724FF8F4B2A6197BC208D71CFCE04446CB44C518C441BAC1CE934CE7CCDDD433018E47BC77D745AD
CLIENT_RANDOM 7409FD2979ED01A8D26C8349262B358930C1CF6D04ACEAD8B3273F2B99254A47 AD67764875E32CB4A790861E8E9FD4D6FD28F49D024C1EA862EF06FBC8E8E1C7221937E121490877789CAF3B551C145C
CLIENT_RANDOM FC91E1175C9DE60C108567E1C21529AAFD3AA3021064308D3CBF188B0627EC38 5FA300327DE670C5F61F9E7E34689D4D047FE1F2C21763DE931536A00F800B724AAF511BB457A8F07FD56E6E3F9AEDBB
CLIENT_RANDOM 9C619B8E8917C69978DDC364294D5E63923928E1706CBD1159FCE982EA08BEE4 7E4875D0413701DADDF39A2C253012A3A536D55FFDD99AB1072BC6CFCE5106113704FA8BC15E07EBAFC2980D073F0535
CLIENT_RANDOM 0A334DCF4F1093D94AC959BE0914B31642CED1E952B848C61B8D3117A13E74C9 9B6011EABE8FBF573E99BF2E25E26BFB20DCF1A7B193E0F128C411C1DD4EF71F9B3D9C128366E0D813D7A5061F70DCFC
CLIENT_RANDOM 421C7A797A89E66FB7E8241467982651E4E79FB2BC5CE5A420A08AE1F27E8290 E930719030C785BDDA6E5FB3B476D783FAE4F385BF606DE7048F80B56AD82D1ACCCFC9421F034E0F16B66B2865327659
CLIENT_RANDOM 6AF4B0B174845696ED5738E0C646DAB28B6EBBBB7C11E50B19953274BFA6275B 93C267D38A0BE2648ED37457045B3D0D4F152FF675CF1079CABF63DC40C8AB7A6A3193104990A22420E9FA9141104BA3
CLIENT_RANDOM 5FF476E0F33C215AAF91E984927A5AB47379CF3F3A3E8944DEC82FFAEB6583C9 3706A2C233B1EB536807084472BF0BAC97A9A93252B783C237574D17B1BA8072DF84A5F4DD9E41F6D2D6B56778517F78
CLIENT_RANDOM 2C91E7F14338E247C9E5156AE26F55B7539B15A94A5F159E46CF74D290035816 DA72F731E6ED85C7A6119DB7EE84B5A4C1D16A6FC5E64C17C657777CF4B264A8001730C197B1BE62F939E2E647BE8FBA
CLIENT_RANDOM 4275015AA74DB477B12F4CE536066B13B231017D5C7D78FBA45F44D18816E343 C05BA58239F5BCDD7EE7F4399DF28CB86F5A8B618A1638B874A71464278B2B2AB42F20E653A58EDF0FAA2DBCD9013F9C
CLIENT_RANDOM 16A2FC08C3248B6D010597967C8B6C597ED407C51B87BD46A358B10F4FA31CE3 608BC743D703D05BE78CF28A20F76C16BB02967ABE89E91A1822A5A3A294121E8E61B0F5A1CBF1C6C90A290B41CF7E0B
CLIENT_RANDOM A4CA738FD137DE4CE9CF3CE79B1825ACD25B5F0ABDDE5CFBB3DEED3C6774C5AC 88D195EF534DAEC56BEF749267197AF5FDB49E1ADED69C76D71F207B5118AB29EC5BD87E3A25283808F31D51ABEC664B
CLIENT_RANDOM 75AB0B402F6CA4873A56BA1864B6B91468586A572455E08C84B7EB52FD14D9EF 2892D7DDE4FAC9893A08E4EE6B3CC066FE50202E9035B43583484EF4549F894BD0FC046A2EEB08EB6C72FC69914990E6
CLIENT_RANDOM 5089411092141DBA0379D4AF8F59B7CA5B5229D6800922E840859768B055B77E 5B9E75DF2F3086C86D1AEAFD862E2034E95E6D0297C3C44DE10ACCDC33EE457C065461D8DAAE2E10339D7468F80B5272
CLIENT_RANDOM 6BBFB45B126408DEF035F3ECA2C28DD4F3B4D456B2ED8FE31EF6C1100C34B6A5 7F6186A179BA21F7F8103537FD4B96E440BEE233F69E1A725356D80D685E9AB0EB60E7EEC0294A4AEFB50BE91D080DB3
CLIENT_RANDOM 4287E0E16612B456B5BD07FE5E46E82FA505702ECCC6D6113FC865292170D572 9839B948FEB495EAE4C62FF02C930316BFB24E173C5E46BC1896C193FC603AD62FE91281D79EB9133173093D2B84E85B
CLIENT_RANDOM 05AB47BADD945D5710FEF64D106BCC73EFC6B52F029D3E21E7FFE5F4CB81C236 26A163B02192DE5F798874FC648B532D05478FEB2C2757F7AAA0649694F3D169AA626327BD080A1EEF083BF509A9FEFF
CLIENT_RANDOM ADB9E0C82DC43851F9771EEA13F277405224098331DDDA25DB9A270C26C1E4D9 D7EE38529A7FDE8B3F86EF9D226AF6BEDBD1842278D9E0CD8A894A7E7BAD71C52C81D0FE1D15DF291D2F36DE13B4565F
CLIENT_RANDOM 96D8CEE5E2F0CC75214D16B6E333F7E593A01C730DB7FB1D33A8A8DE817D9925 2A46752D809D4B5A0069D1A9DF3265DBDA25F0ECFA694F6A178EFE400BC9BFEA043F4807812C1BA24F2B5D8AB4C57D20
CLIENT_RANDOM B96943F3823E4809B5F8F5172A8EA09E7E7EB020D6F50856EA8545A90DE7DD56 5EF3D80100E39019CCCFDAF3509528E02DD589C0FF7B2029DED9591101816D90B3EBEAD3B253E92C8738662D951B9BD4
CLIENT_RANDOM 29AEA5A3697131E80FEA1EE433D49173079266F2E87B76835BF6ED1F5EFE890F 134F3EBBAEC0216163CC6BDB7E3E37DD4F0C67669F816F107841A297AA616F87813EA2F524EE1E0E06B1F9C0F69FB483
CLIENT_RANDOM A3AC6437B0432DF292A6DE063686BA9BBEFC0BE3BE7C3C3E892DFF31774772FF B77339AF7A767937D2F49EE5DB53650B1A23BAD77FA6D92D608D3EBA3F9D0E03DF105A5B783775EE294AFDC27BF15C55
CLIENT_RANDOM 01EFD7E3FF6675BDA4FBE009C2F5651056201451CDA38F3F89BE6CB406506C4E 5A4E0D6CF8373E377201D2C267017F96912BD503945C7000153AC0872B08776C158D9FD7848063ECACD00B33A5118F69
CLIENT_RANDOM 327CB819B01CD3A42A6D03F8C1D0078E16FD122896EF40EABED8DE45A94A1026 C11E12999EE59D987CF4B2DC4395999DB406EE7EB71E0210BB005841A26843C69159D065BAF718DA8097F56986A07987
CLIENT_RANDOM D55FB9ED4B2C5F7B43DDC7857D7BBBB63FCB87FF7242496D1A98072F4FE01C29 1BCCF261BB9F6697AF3A62C190FA913A2707783EFC9892B6DC61A9BF373A74FABE3B8A9A39AE24D1C02206DAAA3BFA7B
CLIENT_RANDOM 92B661BBE1185B234315E65C5BE1DE7702BC84F2E674ED6B5C5A91CEA1A131FF EBD0B590F3D28FF3FE3500C01665E34080E611CA647772282AD513C6B46B5F76B2384CAA9752C1BE848555DA74D2B234
CLIENT_RANDOM 03A39AC71C0E07F1269E4A024CEDD03A3570F03273F87B5D1534E3268125DE48 5526D972D0ECF0B9AA1F8384109BAB408F2245F5A9A5249067BD5EAC1F3B34BEAED6F3B1AE8F1498AA686C980FE0D001
CLIENT_RANDOM 9E08D24435E054141AB4D06943A43BFCED7FB6BCA5DC1877EA309BEF1B7A2BFF 3D86B15949F862A706FD905254B968BBB74D912315AA6E51100A9B7A7234F3AF32C685A9E5ADF4D482CF9EBF01C41ABA
CLIENT_RANDOM 02ABA77F08158BC222F9E1F59216645FDB8731CD9F70B9AD22F9A7111717F765 2FB6C6E517985232A7FBF723792DA5F895CA01B3DDE4861B486FAB7659AAF4B061B45CEF40297EA745AD4438E58E4597
CLIENT_RANDOM ACF6524C6850A29971BCAC4CC5FDF9B31180F9EC7B5CCBB0D2241A83354A5D89 A49DC49667C16D380ABFA5BC6B62E46F00AF5852A5F53078F00D6DA08C700CD4054E5596C48FF05C5BE2BBD45A99D711
CLIENT_RANDOM 87D00A3C22331686793CC6C9E89C2886AF57B28A551FFB5645A6350CDEC973AA 03BA841EDE690012DB33E88AFC10AA2550E54EF3F01365945FCB840739EBF1E1572C018055C00161738835F542A23AD5
CLIENT_RANDOM 7B62B94D52071D8A1B6BE0991D19FE2F0A4C1E266AF567635183EDA7FACC7D43 52D4C4B38B34CB0E5F75C2822A9C956B9C86C68A1CE8E322714F7A662D6CFD9B968A3696F7D35C601BE230431E02C7FD
CLIENT_RANDOM 9FAFA283DBA1FC5CAD7647ADA7ECB7B9419DDC884D9393FC03DC8A565D162FAD 0FE784FF552ECD77D3C854440543BB5D9F4E1E1D00A55D0116326F1B1CC55F9C7930A5B0892693C61DCF9013072DD15C
CLIENT_RANDOM 51A3F47C94AF56199809601506382747673ABCDEE8F2A7877CE1B767FF355FA0 DACCCFB63A9ADFB14456E71FBA6E6CFF1B2A4DC0DBEA8752A4539E082B8041B810183309097DCB65A362E37C2A41815E
CLIENT_RANDOM EE1FF17AEB8B86BF90CEB45ED9247E0A6BEFE67E9E77F56F7C65048E010ED81D ADADC7598F6969926FBADAE4A35A8A99D44C07E03EF7C33936707329D7FF3D0EF0A75E8368E64E6DDB5270D8B3A564BC
CLIENT_RANDOM 438B13E82D570EB815DB4BDE9BA5107E2D6AA1D24C5898E0D7D7EA51C72301AA 7E3B496DEC7488E5E0C8D4FDEEE579E14A486A33A1B4C63A46DCA22C16A6A7DD0E812A955EE737EBC9A85DE364DC1120
CLIENT_RANDOM FA02F5493D524A6021DE12E5E3B33F8785074E07A8177ED49AED80606EDC6647 5823BF2551493AF4203D91A2003241B600A3F519A6FE4EFD82E1196B93103E16278ED3F56CF3010B5011F1BDFA803D61
CLIENT_RANDOM FD048B11A5709C3DA7E0DFF0A956A00D7F4D3018D9C421A4A1EBB481A47A3F52 9F35FA687A44D4AD79804DCCABD83FBBECBCFB278683F3FB75B741DC33B9CC6917E62AF978F1C7DEA0CBD1A8E2DA3AA8
CLIENT_RANDOM C980F5427FFD57D270BBCE1A3CEE819933FB18CC9D09EAC9F6098A0CCF19D326 65DBF329F25D62BA3EC1346A194DDB9D90069754E230693E2FBF16DA700D77E885161266D89CF15B1AA755692597F2F1
CLIENT_RANDOM A5C026E1C42A2AB888E27C9D198CC9031FCF32B933B3EDD7A2F11F77C5779747 A3A2261CFA3F9D1A21AE01F34F94CA8671642BD90474D921F4E576034B611E870C297C47E3AD70FF4C29619395C70593
CLIENT_RANDOM 573BBA2E176DFEC96F0DAC6FD788B7A49FC5D795F78CBA0F81877E5BB053AD71 3597C522C0E5C6B345177BF003C2EE0941F86EDD4E61B8F9CB1D3D8C39B42DA68261A2FCA43E0CAF842B9DB9FA3F5AD1
CLIENT_RANDOM 6181D8A59378BD99AAF0A627E73590232012B1733665D63061EC4994DC06F92F F98792AF9DCFC37486BFA6EAC11E1751EEED5FD703C5411ECFD33D68E8F176853C83427113EFBBDBB3E6D0C0C2E166E4
CLIENT_RANDOM 33994A068931F0233A83C36136F3ABEE169D08EE5D432C4BB8C09B4AB8C0E3FE 9FB9A380CE91279624CC579F58849DCA4D57E0E5644AFFC690305B4251B13F048F44356EDC2ACD13D256EBEDC5AA07A9
CLIENT_RANDOM 0D864A1EA3D8CD731307B8525334142BF993D0C47FF9B05338211AE5BFAE7E98 C39BB3AE53B8DCDD8316FDC99D3C9EBB78A2E72EE1976D8336E4EAB65FB96D5AF6ED24F62598AD7B8E44056FC20BD757
CLIENT_RANDOM F58B4E055B43FF56BDD19216FA2B8F23E5A48DFD4428A3E987160585DB984BE8 B99DA0E1A318D58D2726B7F3BDF57E9D03AB2C105A91158B72579595089B10C9CB143EBA14061B6F5A13D2F511F9906E
CLIENT_RANDOM 6157C569237957F56460674B4394BD4D13C9657A288555EB102C638C11F079A6 741A41E03C0D2BF59AA2B353F9C7D68EDFDB15FDD56F27C9C640D83C5CCD93D9FB152720C4CCA32FA2F417A6E817CEA3
CLIENT_RANDOM 07C0775BB0DBF976404D21B88C3AD79D584B25554531A8DAA456AF1A22D430B3 4FB6CA9A71BAA820AF91C862617BB1F6727912E8FFFBD49C374A277AB21741B1439795FA7C0EA7D6C8AABBC85E5C2E30
CLIENT_RANDOM DD0A04121B662DC318B20F9F7B2D0D059D604F09F8BE61DCD4B28784EA129DB2 2A36DDA3BCE27C2AC2647DA52100E5C427D089A3955DA0DAC18354E226E27F9E1F56E5FDA4454DDB9F2B0615E38BADB0
CLIENT_RANDOM 17464942C6336A8D0D17142B8923FC9DF090DB6F2B3F58DD299567F5C8BE2407 CB9E9FBCF627166F1BF2A053A35548E7DF6D89973407104A5BE688EFE76CFF81DAF0355E5A531503567C05EFEA5649DE
CLIENT_RANDOM 06252B031C1A5D4F5C9E5D9BF53346E1563D26FFE3373332E0E08191DBFDEAF5 2CA8A0A7B90DE4FCE1CFC5663573F6224FF0FAD8068C5D3AB11C2FBD946629683A9DBEE99C88A9BAF1579B96636AB93E
CLIENT_RANDOM DB286E02B39D7125C2386EC8EC4E2DFE425CCF92C3B174C27AD5C1B20D448227 29EC2ACEBE31346B32BEACAAF4FEFAF80477F1E1BAC49EF77E4A8F7E96745B7D3D66C3586577A022EA558798AE6E1900
CLIENT_RANDOM 857D91BB65C79C93F52F78DAFD38C492E78CF06099CEC52E443EE6DF7B4CC965 72E50C1D698447288F1BB60C7E47AC74EB3D529BA15D97924D5C8F37CCFA85764D5E74A0BA52E0F306FEB69D94D3E8A5
CLIENT_RANDOM F0DE452EA5CE3BAFC46BF82B021E21F765CEFD787370EDD036C3D7E085631321 819E37F6474E069AA213CB0ABF7B853DA89BA56AB2B411DF20716C312FE470AFF743E80275BC206CCBF83D9A4FBA7B6B
CLIENT_RANDOM 81B87746E898F6B933C245B474034873A5277811157B775A020A59719BCCBE5C BA17D0352938801825E34CC29BB54BD2E20E2D48EF2B53C7323CAC64E3248D16634B74BCEBB69A8A07735FB9DCDB8DC6
CLIENT_RANDOM F038FB70A03A74D10A3408BF76ACF401328BE2DC01F55CC59A395F8CC3C22F8A 8C39899C81043F7BF18A329011738574C66DD1C9FCE558EB562A29265F0FEC84EC4D7ED0C0176C2995F072100EF71A52
CLIENT_RANDOM 830375279964703E2355208F9E39F5C005BF197C9976448101ED9FF739CF5482 4E1EA1B4E684C5378B44F55A0B7E60CD1506C4151B5C9C56DF2EBACB047B17F5DAEAD5144C42A6052255CEA86CAB1534
CLIENT_RANDOM 12B0C347768FD747F6425DB6C8532EC798FA4A0557E6068AA0363563631CBA80 94A1D3F88247FBE33262D202847D5AC9751FA9D131EB7A07807F0942A5B129725E835918EDB58C2415BB692DAB1973E9
CLIENT_RANDOM 572CA4C0E611096792E6ECDD86A31C9E44D231F5E75D7525BAD3A69104372B97 E1C9EA29543BF251DC1D7C4B4B679370EB9418E238C104459A6DB5BE8AF85DD8F4593790BDE2611AC2A89206EC3BC4C0
CLIENT_RANDOM CDD3A040705C131A69CB7B0FA359EA36351E9A36FC95B2DE109D950C8B7D6AA0 6AD908128CDBFFBB1BCE9553507C5774D84971F12149B7099ADB9144CE9F826B5C10F3851A6BE25CE0A938114D1873CB
CLIENT_RANDOM 363A60FA4EABC8AB4B5385CEC025E5FD10F3EB481ABA9CDA62F81FC64EA2B1A4 61E544A7BAD50E5DB809D1B50C3BA6476BB4D293B00C889BE996EFDCD8BA55509C0E7BF1E5BF50677150C144D39DD7D5
